Using pre-set license
Built from '2022.3/staging' branch; Version is '2022.3.22f1 (887be4894c44) revision 8944612'; Using compiler version '192829333'; Build Type 'Release'
OS: 'Windows 10  (10.0.19045) 64bit CoreSingleLanguage' Language: 'ru' Physical Memory: 16309 MB
BatchMode: 1, IsHumanControllingUs: 0, StartBugReporterOnCrash: 0, Is64bit: 1, IsPro: 1

COMMAND LINE ARGUMENTS:
D:\Unity\2022.3.22f1\Editor\Unity.exe
-adb2
-batchMode
-noUpm
-name
AssetImportWorker0
-projectPath
D:/Unity/My-projects-2D/My project 2D
-logFile
Logs/AssetImportWorker0.log
-srvPort
54842
Successfully changed project path to: D:/Unity/My-projects-2D/My project 2D
D:/Unity/My-projects-2D/My project 2D
[UnityMemory] Configuration Parameters - Can be set up in boot.config
    "memorysetup-bucket-allocator-granularity=16"
    "memorysetup-bucket-allocator-bucket-count=8"
    "memorysetup-bucket-allocator-block-size=33554432"
    "memorysetup-bucket-allocator-block-count=8"
    "memorysetup-main-allocator-block-size=16777216"
    "memorysetup-thread-allocator-block-size=16777216"
    "memorysetup-gfx-main-allocator-block-size=16777216"
    "memorysetup-gfx-thread-allocator-block-size=16777216"
    "memorysetup-cache-allocator-block-size=4194304"
    "memorysetup-typetree-allocator-block-size=2097152"
    "memorysetup-profiler-bucket-allocator-granularity=16"
    "memorysetup-profiler-bucket-allocator-bucket-count=8"
    "memorysetup-profiler-bucket-allocator-block-size=33554432"
    "memorysetup-profiler-bucket-allocator-block-count=8"
    "memorysetup-profiler-allocator-block-size=16777216"
    "memorysetup-profiler-editor-allocator-block-size=1048576"
    "memorysetup-temp-allocator-size-main=16777216"
    "memorysetup-job-temp-allocator-block-size=2097152"
    "memorysetup-job-temp-allocator-block-size-background=1048576"
    "memorysetup-job-temp-allocator-reduction-small-platforms=262144"
    "memorysetup-allocator-temp-initial-block-size-main=262144"
    "memorysetup-allocator-temp-initial-block-size-worker=262144"
    "memorysetup-temp-allocator-size-background-worker=32768"
    "memorysetup-temp-allocator-size-job-worker=262144"
    "memorysetup-temp-allocator-size-preload-manager=33554432"
    "memorysetup-temp-allocator-size-nav-mesh-worker=65536"
    "memorysetup-temp-allocator-size-audio-worker=65536"
    "memorysetup-temp-allocator-size-cloud-worker=32768"
    "memorysetup-temp-allocator-size-gi-baking-worker=262144"
    "memorysetup-temp-allocator-size-gfx=262144"
Player connection [23852] Host "[IP] 192.168.56.1 [Port] 0 [Flags] 2 [Guid] 3062900936 [EditorId] 3062900936 [Version] 1048832 [Id] WindowsEditor(7,DESKTOP-7VEVSHS) [Debug] 1 [PackageName] WindowsEditor [ProjectName] Editor" joined multi-casting on [225.0.0.222:54997]...

Player connection [23852] Host "[IP] 192.168.56.1 [Port] 0 [Flags] 2 [Guid] 3062900936 [EditorId] 3062900936 [Version] 1048832 [Id] WindowsEditor(7,DESKTOP-7VEVSHS) [Debug] 1 [PackageName] WindowsEditor [ProjectName] Editor" joined alternative multi-casting on [225.0.0.222:34997]...

[Physics::Module] Initialized MultithreadedJobDispatcher with 11 workers.
Refreshing native plugins compatible for Editor in 9.74 ms, found 7 plugins.
Preloading 0 native plugins for Editor in 0.00 ms.
Initialize engine version: 2022.3.22f1 (887be4894c44)
[Subsystems] Discovering subsystems at path D:/Unity/2022.3.22f1/Editor/Data/Resources/UnitySubsystems
[Subsystems] Discovering subsystems at path D:/Unity/My-projects-2D/My project 2D/Assets
GfxDevice: creating device client; threaded=0; jobified=0
Direct3D:
    Version:  Direct3D 11.0 [level 11.1]
    Renderer: NVIDIA GeForce RTX 3050 (ID=0x2507)
    Vendor:   NVIDIA
    VRAM:     8042 MB
    Driver:   31.0.15.5152
Initialize mono
Mono path[0] = 'D:/Unity/2022.3.22f1/Editor/Data/Managed'
Mono path[1] = 'D:/Unity/2022.3.22f1/Editor/Data/MonoBleedingEdge/lib/mono/unityjit-win32'
Mono config path = 'D:/Unity/2022.3.22f1/Editor/Data/MonoBleedingEdge/etc'
Using monoOptions --debugger-agent=transport=dt_socket,embedding=1,server=y,suspend=n,address=127.0.0.1:56644
Begin MonoManager ReloadAssembly
Registering precompiled unity dll's ...
Register platform support module: D:/Unity/2022.3.22f1/Editor/Data/PlaybackEngines/WebGLSupport/UnityEditor.WebGL.Extensions.dll
Register platform support module: D:/Unity/2022.3.22f1/Editor/Data/PlaybackEngines/WindowsStandaloneSupport/UnityEditor.WindowsStandalone.Extensions.dll
Registered in 0.004273 seconds.
- Loaded All Assemblies, in  0.279 seconds
Native extension for WindowsStandalone target not found
Native extension for WebGL target not found
Mono: successfully reloaded assembly
- Finished resetting the current domain, in  0.257 seconds
Domain Reload Profiling: 536ms
	BeginReloadAssembly (88ms)
		ExecutionOrderSort (0ms)
		DisableScriptedObjects (0ms)
		BackupInstance (0ms)
		ReleaseScriptingObjects (0ms)
		CreateAndSetChildDomain (1ms)
	RebuildCommonClasses (26ms)
	RebuildNativeTypeToScriptingClass (9ms)
	initialDomainReloadingComplete (42ms)
	LoadAllAssembliesAndSetupDomain (113ms)
		LoadAssemblies (88ms)
		RebuildTransferFunctionScriptingTraits (0ms)
		AnalyzeDomain (112ms)
			TypeCache.Refresh (110ms)
				TypeCache.ScanAssembly (99ms)
			ScanForSourceGeneratedMonoScriptInfo (0ms)
			ResolveRequiredComponents (0ms)
	FinalizeReload (257ms)
		ReleaseScriptCaches (0ms)
		RebuildScriptCaches (0ms)
		SetupLoadedEditorAssemblies (200ms)
			LogAssemblyErrors (0ms)
			InitializePlatformSupportModulesInManaged (10ms)
			SetLoadedEditorAssemblies (6ms)
			RefreshPlugins (0ms)
			BeforeProcessingInitializeOnLoad (2ms)
			ProcessInitializeOnLoadAttributes (142ms)
			ProcessInitializeOnLoadMethodAttributes (40ms)
			AfterProcessingInitializeOnLoad (0ms)
			EditorAssembliesLoaded (0ms)
		ExecutionOrderSort2 (0ms)
		AwakeInstancesAfterBackupRestoration (0ms)
========================================================================
Worker process is ready to serve import requests
Begin MonoManager ReloadAssembly
- Loaded All Assemblies, in  0.532 seconds
Refreshing native plugins compatible for Editor in 4.15 ms, found 7 plugins.
Native extension for WindowsStandalone target not found
Native extension for WebGL target not found
Package Manager log level set to [2]
[Package Manager] Server::EnsureServerProcessIsRunning -- launch failed, reason: Unity was launched with the -noUpm command-line argument
[Package Manager] UpmClient::Send -- Unable to send message (not connected to UPM process).
[Package Manager] Cannot connect to Unity Package Manager local server
Mono: successfully reloaded assembly
- Finished resetting the current domain, in  0.637 seconds
Domain Reload Profiling: 1169ms
	BeginReloadAssembly (130ms)
		ExecutionOrderSort (0ms)
		DisableScriptedObjects (4ms)
		BackupInstance (0ms)
		ReleaseScriptingObjects (0ms)
		CreateAndSetChildDomain (18ms)
	RebuildCommonClasses (31ms)
	RebuildNativeTypeToScriptingClass (8ms)
	initialDomainReloadingComplete (29ms)
	LoadAllAssembliesAndSetupDomain (335ms)
		LoadAssemblies (249ms)
		RebuildTransferFunctionScriptingTraits (0ms)
		AnalyzeDomain (164ms)
			TypeCache.Refresh (138ms)
				TypeCache.ScanAssembly (123ms)
			ScanForSourceGeneratedMonoScriptInfo (19ms)
			ResolveRequiredComponents (5ms)
	FinalizeReload (637ms)
		ReleaseScriptCaches (0ms)
		RebuildScriptCaches (0ms)
		SetupLoadedEditorAssemblies (511ms)
			LogAssemblyErrors (0ms)
			InitializePlatformSupportModulesInManaged (4ms)
			SetLoadedEditorAssemblies (3ms)
			RefreshPlugins (0ms)
			BeforeProcessingInitializeOnLoad (52ms)
			ProcessInitializeOnLoadAttributes (417ms)
			ProcessInitializeOnLoadMethodAttributes (33ms)
			AfterProcessingInitializeOnLoad (2ms)
			EditorAssembliesLoaded (0ms)
		ExecutionOrderSort2 (0ms)
		AwakeInstancesAfterBackupRestoration (5ms)
Launched and connected shader compiler UnityShaderCompiler.exe after 0.03 seconds
Refreshing native plugins compatible for Editor in 4.15 ms, found 7 plugins.
Preloading 0 native plugins for Editor in 0.00 ms.
Unloading 4200 Unused Serialized files (Serialized files now loaded: 0)
Unloading 76 unused Assets / (247.7 KB). Loaded Objects now: 4649.
Memory consumption went from 149.3 MB to 149.0 MB.
Total: 3.684200 ms (FindLiveObjects: 0.273000 ms CreateObjectMapping: 0.108600 ms MarkObjects: 3.108300 ms  DeleteObjects: 0.193700 ms)

AssetImportParameters requested are different than current active one (requested -> active):
  custom:container-demuxer-ogg: 62fdf1f143b41e24485cea50d1cbac27 -> 
  custom:video-decoder-ogg-theora: a1e56fd34408186e4bbccfd4996cb3dc -> 
  custom:framework-win-MediaFoundation: 216162199b28c13a410421893ffa2e32 -> 
  custom:CustomObjectIndexerAttribute: 9a22284fe3817be447336de3de66b15e -> 
  custom:container-demuxer-webm: 4f35f7cbe854078d1ac9338744f61a02 -> 
  custom:container-muxer-webm: aa71ff27fc2769a1b78a27578f13a17b -> 
  custom:video-decoder-webm-vp8: 9c59270c3fd7afecdb556c50c9e8de78 -> 
  custom:SearchIndexIgnoredProperties: e643bd26f0fe6173181afceb89e7c659 -> 
  custom:AudioImporter_EditorPlatform: d09bf68614088b80899f8185d706f6e7 -> 
  custom:video-encoder-webm-vp8: eb34c28f22e8b96e1ab97ce403110664 -> 
  custom:audio-decoder-ogg-vorbis: bf7c407c2cedff20999df2af8eb42d56 -> 
  custom:audio-encoder-webm-vorbis: bf7c407c2cedff20999df2af8eb42d56 -> 
========================================================================
Received Import Request.
  Time since last request: 4184.372172 seconds.
  path: Assets/Image1.prefab
  artifactKey: Guid(64cac8e1c021f1844b774eceb12b42d3) Importer(815301076,1909f56bfc062723c751e8b465ee728b)
Start importing Assets/Image1.prefab using Guid(64cac8e1c021f1844b774eceb12b42d3) Importer(815301076,1909f56bfc062723c751e8b465ee728b)  -> (artifact id: 'b0ce58cf55c633b3d20d5da9c09ab3f5') in 0.071797 seconds
Number of updated asset objects reloaded before import = 0
Number of asset objects unloaded after import = 14
========================================================================
Received Import Request.
  Time since last request: 14.764935 seconds.
  path: Assets/Signaling.prefab
  artifactKey: Guid(64cac8e1c021f1844b774eceb12b42d3) Importer(815301076,1909f56bfc062723c751e8b465ee728b)
Start importing Assets/Signaling.prefab using Guid(64cac8e1c021f1844b774eceb12b42d3) Importer(815301076,1909f56bfc062723c751e8b465ee728b)  -> (artifact id: 'da04acc7f2793e24d9eb52595b6449f8') in 0.004916 seconds
Number of updated asset objects reloaded before import = 0
Number of asset objects unloaded after import = 14
========================================================================
Received Prepare
Begin MonoManager ReloadAssembly
- Loaded All Assemblies, in  0.410 seconds
Refreshing native plugins compatible for Editor in 3.40 ms, found 7 plugins.
Native extension for WindowsStandalone target not found
Native extension for WebGL target not found
[Package Manager] Server::EnsureServerProcessIsRunning -- launch failed, reason: Unity was launched with the -noUpm command-line argument
[Package Manager] UpmClient::Send -- Unable to send message (not connected to UPM process).
[Package Manager] Cannot connect to Unity Package Manager local server
Mono: successfully reloaded assembly
- Finished resetting the current domain, in  1.000 seconds
Domain Reload Profiling: 1409ms
	BeginReloadAssembly (142ms)
		ExecutionOrderSort (0ms)
		DisableScriptedObjects (9ms)
		BackupInstance (0ms)
		ReleaseScriptingObjects (0ms)
		CreateAndSetChildDomain (38ms)
	RebuildCommonClasses (24ms)
	RebuildNativeTypeToScriptingClass (8ms)
	initialDomainReloadingComplete (23ms)
	LoadAllAssembliesAndSetupDomain (212ms)
		LoadAssemblies (269ms)
		RebuildTransferFunctionScriptingTraits (0ms)
		AnalyzeDomain (11ms)
			TypeCache.Refresh (5ms)
				TypeCache.ScanAssembly (0ms)
			ScanForSourceGeneratedMonoScriptInfo (0ms)
			ResolveRequiredComponents (5ms)
	FinalizeReload (1000ms)
		ReleaseScriptCaches (0ms)
		RebuildScriptCaches (0ms)
		SetupLoadedEditorAssemblies (498ms)
			LogAssemblyErrors (0ms)
			InitializePlatformSupportModulesInManaged (6ms)
			SetLoadedEditorAssemblies (4ms)
			RefreshPlugins (0ms)
			BeforeProcessingInitializeOnLoad (101ms)
			ProcessInitializeOnLoadAttributes (361ms)
			ProcessInitializeOnLoadMethodAttributes (25ms)
			AfterProcessingInitializeOnLoad (2ms)
			EditorAssembliesLoaded (0ms)
		ExecutionOrderSort2 (0ms)
		AwakeInstancesAfterBackupRestoration (9ms)
Refreshing native plugins compatible for Editor in 3.98 ms, found 7 plugins.
Preloading 0 native plugins for Editor in 0.00 ms.
Unloading 4185 Unused Serialized files (Serialized files now loaded: 0)
Unloading 48 unused Assets / (220.6 KB). Loaded Objects now: 4662.
Memory consumption went from 152.0 MB to 151.7 MB.
Total: 3.206300 ms (FindLiveObjects: 0.249000 ms CreateObjectMapping: 0.105800 ms MarkObjects: 2.669500 ms  DeleteObjects: 0.181400 ms)

Prepare: number of updated asset objects reloaded= 0
AssetImportParameters requested are different than current active one (requested -> active):
  custom:container-demuxer-ogg: 62fdf1f143b41e24485cea50d1cbac27 -> 
  custom:video-decoder-ogg-theora: a1e56fd34408186e4bbccfd4996cb3dc -> 
  custom:framework-win-MediaFoundation: 216162199b28c13a410421893ffa2e32 -> 
  custom:CustomObjectIndexerAttribute: 9a22284fe3817be447336de3de66b15e -> 
  custom:container-demuxer-webm: 4f35f7cbe854078d1ac9338744f61a02 -> 
  custom:container-muxer-webm: aa71ff27fc2769a1b78a27578f13a17b -> 
  custom:video-decoder-webm-vp8: 9c59270c3fd7afecdb556c50c9e8de78 -> 
  custom:SearchIndexIgnoredProperties: e643bd26f0fe6173181afceb89e7c659 -> 
  custom:AudioImporter_EditorPlatform: d09bf68614088b80899f8185d706f6e7 -> 
  custom:video-encoder-webm-vp8: eb34c28f22e8b96e1ab97ce403110664 -> 
  custom:audio-decoder-ogg-vorbis: bf7c407c2cedff20999df2af8eb42d56 -> 
  custom:audio-encoder-webm-vorbis: bf7c407c2cedff20999df2af8eb42d56 -> 
========================================================================
Received Import Request.
  Time since last request: 1017.426434 seconds.
  path: Assets/Scenes/2dCastle.unity
  artifactKey: Guid(1831d9500e0fece428c66441b1a5a334) Importer(815301076,1909f56bfc062723c751e8b465ee728b)
Start importing Assets/Scenes/2dCastle.unity using Guid(1831d9500e0fece428c66441b1a5a334) Importer(815301076,1909f56bfc062723c751e8b465ee728b)  -> (artifact id: '352ba450e7ce6172b57029103e36ccb4') in 0.001949 seconds
Number of updated asset objects reloaded before import = 0
Number of asset objects unloaded after import = 0
========================================================================
Received Import Request.
  Time since last request: 43.783818 seconds.
  path: Assets/Scenes/SampleScene.unity
  artifactKey: Guid(2cda990e2423bbf4892e6590ba056729) Importer(815301076,1909f56bfc062723c751e8b465ee728b)
Start importing Assets/Scenes/SampleScene.unity using Guid(2cda990e2423bbf4892e6590ba056729) Importer(815301076,1909f56bfc062723c751e8b465ee728b)  -> (artifact id: 'a2263013ceb32ce0ab83bab26597eb30') in 0.000355 seconds
Number of updated asset objects reloaded before import = 0
Number of asset objects unloaded after import = 0
========================================================================
Received Import Request.
  Time since last request: 26.186996 seconds.
  path: Assets/Scenes/2dCastle.unity
  artifactKey: Guid(1831d9500e0fece428c66441b1a5a334) Importer(815301076,1909f56bfc062723c751e8b465ee728b)
Start importing Assets/Scenes/2dCastle.unity using Guid(1831d9500e0fece428c66441b1a5a334) Importer(815301076,1909f56bfc062723c751e8b465ee728b)  -> (artifact id: '1713c9164b05657c42f7d37adbf17cda') in 0.000363 seconds
Number of updated asset objects reloaded before import = 0
Number of asset objects unloaded after import = 0
========================================================================
Received Import Request.
  Time since last request: 115.995602 seconds.
  path: Assets/Scenes/2dCastle.unity
  artifactKey: Guid(1831d9500e0fece428c66441b1a5a334) Importer(815301076,1909f56bfc062723c751e8b465ee728b)
Start importing Assets/Scenes/2dCastle.unity using Guid(1831d9500e0fece428c66441b1a5a334) Importer(815301076,1909f56bfc062723c751e8b465ee728b)  -> (artifact id: 'b576f3e6e34a838825f33da2aecd335b') in 0.000414 seconds
Number of updated asset objects reloaded before import = 0
Number of asset objects unloaded after import = 0
========================================================================
Received Import Request.
  Time since last request: 265.804362 seconds.
  path: Assets
  artifactKey: Guid(00000000000000001000000000000000) Importer(815301076,1909f56bfc062723c751e8b465ee728b)
Start importing Assets using Guid(00000000000000001000000000000000) Importer(815301076,1909f56bfc062723c751e8b465ee728b)  -> (artifact id: '8a4fe85251aa2e89732c359432baa2c3') in 0.000420 seconds
Number of updated asset objects reloaded before import = 0
Number of asset objects unloaded after import = 0
========================================================================
Received Import Request.
  Time since last request: 85.617988 seconds.
  path: Assets/Scenes
  artifactKey: Guid(2f35cb6d8d13f57439dd108e28c563d1) Importer(815301076,1909f56bfc062723c751e8b465ee728b)
Start importing Assets/Scenes using Guid(2f35cb6d8d13f57439dd108e28c563d1) Importer(815301076,1909f56bfc062723c751e8b465ee728b)  -> (artifact id: 'af39e6bee27daa1deaf7175dfcacfbcd') in 0.000457 seconds
Number of updated asset objects reloaded before import = 0
Number of asset objects unloaded after import = 0
========================================================================
Received Import Request.
  Time since last request: 218.360656 seconds.
  path: Assets/Scenes/2dCastle.unity
  artifactKey: Guid(1831d9500e0fece428c66441b1a5a334) Importer(815301076,1909f56bfc062723c751e8b465ee728b)
Start importing Assets/Scenes/2dCastle.unity using Guid(1831d9500e0fece428c66441b1a5a334) Importer(815301076,1909f56bfc062723c751e8b465ee728b)  -> (artifact id: 'cfe12cfad6daa19b7f417fdac83a895b') in 0.000423 seconds
Number of updated asset objects reloaded before import = 0
Number of asset objects unloaded after import = 0
========================================================================
Received Import Request.
  Time since last request: 843.080323 seconds.
  path: Assets/2D Pixel Art Platformer Biome - Plains/Atlas.spriteatlas
  artifactKey: Guid(73b7fbd841d808f419f70ebc75375c5c) Importer(815301076,1909f56bfc062723c751e8b465ee728b)
Start importing Assets/2D Pixel Art Platformer Biome - Plains/Atlas.spriteatlas using Guid(73b7fbd841d808f419f70ebc75375c5c) Importer(815301076,1909f56bfc062723c751e8b465ee728b)  -> (artifact id: '4c02930ffdd4146369206d4c4d785102') in 0.027554 seconds
Number of updated asset objects reloaded before import = 0
Number of asset objects unloaded after import = 1
========================================================================
Received Import Request.
  Time since last request: 0.014307 seconds.
  path: Assets/2D Pixel Art Platformer Biome - Plains/Sprites.png
  artifactKey: Guid(29e21165cb3ae334d969d4be634eaa9e) Importer(815301076,1909f56bfc062723c751e8b465ee728b)
Start importing Assets/2D Pixel Art Platformer Biome - Plains/Sprites.png using Guid(29e21165cb3ae334d969d4be634eaa9e) Importer(815301076,1909f56bfc062723c751e8b465ee728b)  -> (artifact id: 'b93fa675b7b012a3a08031394d53f327') in 0.175156 seconds
Number of updated asset objects reloaded before import = 0
Number of asset objects unloaded after import = 91
========================================================================
Received Import Request.
  Time since last request: 0.448997 seconds.
  path: Assets/2D Pixel Art Platformer Biome - American Forest/Atlas.spriteatlas
  artifactKey: Guid(72ed2a5fe375d7e4bbecf74985d9ecab) Importer(815301076,1909f56bfc062723c751e8b465ee728b)
Start importing Assets/2D Pixel Art Platformer Biome - American Forest/Atlas.spriteatlas using Guid(72ed2a5fe375d7e4bbecf74985d9ecab) Importer(815301076,1909f56bfc062723c751e8b465ee728b)  -> (artifact id: 'c54239bf9d885f83b4af8d3ef1bd2237') in 0.001182 seconds
Number of updated asset objects reloaded before import = 0
Number of asset objects unloaded after import = 1
========================================================================
Received Import Request.
  Time since last request: 0.014542 seconds.
  path: Assets/2D Pixel Art Platformer Biome - American Forest/Sprites.png
  artifactKey: Guid(5fe5454ec8605de43809133b020d1b69) Importer(815301076,1909f56bfc062723c751e8b465ee728b)
Start importing Assets/2D Pixel Art Platformer Biome - American Forest/Sprites.png using Guid(5fe5454ec8605de43809133b020d1b69) Importer(815301076,1909f56bfc062723c751e8b465ee728b)  -> (artifact id: 'd3c026d2d3d9edd147f26d036472c8d1') in 0.138128 seconds
Number of updated asset objects reloaded before import = 0
Number of asset objects unloaded after import = 93
========================================================================
Received Import Request.
  Time since last request: 5.876306 seconds.
  path: Assets/Medieval_pixel_art_asset_FREE/Prefabs
  artifactKey: Guid(25b462d4c7ecad445843e353e2d90427) Importer(815301076,1909f56bfc062723c751e8b465ee728b)
Start importing Assets/Medieval_pixel_art_asset_FREE/Prefabs using Guid(25b462d4c7ecad445843e353e2d90427) Importer(815301076,1909f56bfc062723c751e8b465ee728b)  -> (artifact id: 'aaaf225fb46a92a639fa8979227216b6') in 0.000437 seconds
Number of updated asset objects reloaded before import = 0
Number of asset objects unloaded after import = 0
========================================================================
Received Import Request.
  Time since last request: 1.333880 seconds.
  path: Assets/Medieval_pixel_art_asset_FREE/Prefabs/Props_free
  artifactKey: Guid(35be5d5c3af12cf40aa7250b0c85a186) Importer(815301076,1909f56bfc062723c751e8b465ee728b)
Start importing Assets/Medieval_pixel_art_asset_FREE/Prefabs/Props_free using Guid(35be5d5c3af12cf40aa7250b0c85a186) Importer(815301076,1909f56bfc062723c751e8b465ee728b)  -> (artifact id: '5259ac412d360d84debc2ef6db2116c8') in 0.000394 seconds
Number of updated asset objects reloaded before import = 0
Number of asset objects unloaded after import = 0
========================================================================
Received Import Request.
  Time since last request: 0.034942 seconds.
  path: Assets/Medieval_pixel_art_asset_FREE/Prefabs/Props_free/Medieval_props_free_0.prefab
  artifactKey: Guid(72fbaef77546dd1498e07955db8bc4b3) Importer(815301076,1909f56bfc062723c751e8b465ee728b)
Start importing Assets/Medieval_pixel_art_asset_FREE/Prefabs/Props_free/Medieval_props_free_0.prefab using Guid(72fbaef77546dd1498e07955db8bc4b3) Importer(815301076,1909f56bfc062723c751e8b465ee728b)  -> (artifact id: 'd916db3581adffbc9351456d4c4b452b') in 0.027344 seconds
Number of updated asset objects reloaded before import = 0
Number of asset objects unloaded after import = 7
========================================================================
Received Import Request.
  Time since last request: 0.000012 seconds.
  path: Assets/Medieval_pixel_art_asset_FREE/Prefabs/Props_free/Medieval_props_free_8.prefab
  artifactKey: Guid(bff18508c0a59f948ac193210aa13f92) Importer(815301076,1909f56bfc062723c751e8b465ee728b)
Start importing Assets/Medieval_pixel_art_asset_FREE/Prefabs/Props_free/Medieval_props_free_8.prefab using Guid(bff18508c0a59f948ac193210aa13f92) Importer(815301076,1909f56bfc062723c751e8b465ee728b)  -> (artifact id: '918f88f6f32469f8e7f6950a1d0df69f') in 0.009314 seconds
Number of updated asset objects reloaded before import = 0
Number of asset objects unloaded after import = 7
========================================================================
Received Import Request.
  Time since last request: 0.000017 seconds.
  path: Assets/Medieval_pixel_art_asset_FREE/Prefabs/Props_free/Medieval_props_free_3.prefab
  artifactKey: Guid(2e158dd1922dd2f429687179bedb7503) Importer(815301076,1909f56bfc062723c751e8b465ee728b)
Start importing Assets/Medieval_pixel_art_asset_FREE/Prefabs/Props_free/Medieval_props_free_3.prefab using Guid(2e158dd1922dd2f429687179bedb7503) Importer(815301076,1909f56bfc062723c751e8b465ee728b)  -> (artifact id: '314e9e19158b600c6f0b1ea3ac1ee59a') in 0.011920 seconds
Number of updated asset objects reloaded before import = 0
Number of asset objects unloaded after import = 7
========================================================================
Received Import Request.
  Time since last request: 0.000014 seconds.
  path: Assets/Medieval_pixel_art_asset_FREE/Prefabs/Props_free/Medieval_props_free_11.prefab
  artifactKey: Guid(d74fca2a20f3b9a4cbd82b9ff4ba2891) Importer(815301076,1909f56bfc062723c751e8b465ee728b)
Start importing Assets/Medieval_pixel_art_asset_FREE/Prefabs/Props_free/Medieval_props_free_11.prefab using Guid(d74fca2a20f3b9a4cbd82b9ff4ba2891) Importer(815301076,1909f56bfc062723c751e8b465ee728b)  -> (artifact id: '67a150fa4d027f63f65dd0c541d59d41') in 0.008889 seconds
Number of updated asset objects reloaded before import = 0
Number of asset objects unloaded after import = 7
========================================================================
Received Import Request.
  Time since last request: 0.000015 seconds.
  path: Assets/Medieval_pixel_art_asset_FREE/Prefabs/Props_free/Medieval_props_free_14.prefab
  artifactKey: Guid(573f2969d3071a44fa563048fb3422d8) Importer(815301076,1909f56bfc062723c751e8b465ee728b)
Start importing Assets/Medieval_pixel_art_asset_FREE/Prefabs/Props_free/Medieval_props_free_14.prefab using Guid(573f2969d3071a44fa563048fb3422d8) Importer(815301076,1909f56bfc062723c751e8b465ee728b)  -> (artifact id: '30149abf4ccd98527080cb8958be03c0') in 0.009954 seconds
Number of updated asset objects reloaded before import = 0
Number of asset objects unloaded after import = 7
========================================================================
Received Import Request.
  Time since last request: 0.000014 seconds.
  path: Assets/Medieval_pixel_art_asset_FREE/Prefabs/Props_free/Medieval_props_free_17.prefab
  artifactKey: Guid(00d91d3ed31c0374a879d29df69e584c) Importer(815301076,1909f56bfc062723c751e8b465ee728b)
Start importing Assets/Medieval_pixel_art_asset_FREE/Prefabs/Props_free/Medieval_props_free_17.prefab using Guid(00d91d3ed31c0374a879d29df69e584c) Importer(815301076,1909f56bfc062723c751e8b465ee728b)  -> (artifact id: 'c2ff3bd5d9e604f6a65447b01a26db18') in 0.009124 seconds
Number of updated asset objects reloaded before import = 0
Number of asset objects unloaded after import = 7
========================================================================
Received Import Request.
  Time since last request: 0.000016 seconds.
  path: Assets/Medieval_pixel_art_asset_FREE/Prefabs/Props_free/Medieval_props_free_23.prefab
  artifactKey: Guid(343037b16e9ffed4fa036fdbd771d6c0) Importer(815301076,1909f56bfc062723c751e8b465ee728b)
Start importing Assets/Medieval_pixel_art_asset_FREE/Prefabs/Props_free/Medieval_props_free_23.prefab using Guid(343037b16e9ffed4fa036fdbd771d6c0) Importer(815301076,1909f56bfc062723c751e8b465ee728b)  -> (artifact id: '5c562822f56edbd167cecae2258452f9') in 0.010327 seconds
Number of updated asset objects reloaded before import = 0
Number of asset objects unloaded after import = 7
========================================================================
Received Import Request.
  Time since last request: 0.000018 seconds.
  path: Assets/Medieval_pixel_art_asset_FREE/Prefabs/Props_free/Medieval_props_free_4.prefab
  artifactKey: Guid(5f00a24494233a242bb7397e971a1e7f) Importer(815301076,1909f56bfc062723c751e8b465ee728b)
Start importing Assets/Medieval_pixel_art_asset_FREE/Prefabs/Props_free/Medieval_props_free_4.prefab using Guid(5f00a24494233a242bb7397e971a1e7f) Importer(815301076,1909f56bfc062723c751e8b465ee728b)  -> (artifact id: '0302578fe2822735f80f01f79ffe9a2c') in 0.008913 seconds
Number of updated asset objects reloaded before import = 0
Number of asset objects unloaded after import = 7
========================================================================
Received Import Request.
  Time since last request: 0.000017 seconds.
  path: Assets/Medieval_pixel_art_asset_FREE/Prefabs/Props_free/Medieval_props_free_15.prefab
  artifactKey: Guid(79469b6cbd716b34f95b3660701e6221) Importer(815301076,1909f56bfc062723c751e8b465ee728b)
Start importing Assets/Medieval_pixel_art_asset_FREE/Prefabs/Props_free/Medieval_props_free_15.prefab using Guid(79469b6cbd716b34f95b3660701e6221) Importer(815301076,1909f56bfc062723c751e8b465ee728b)  -> (artifact id: 'e6c1a8e3dadf292a98c7eb1a516a718a') in 0.009846 seconds
Number of updated asset objects reloaded before import = 0
Number of asset objects unloaded after import = 7
========================================================================
Received Import Request.
  Time since last request: 0.000014 seconds.
  path: Assets/Medieval_pixel_art_asset_FREE/Prefabs/Props_free/Medieval_props_free_7.prefab
  artifactKey: Guid(24ae35bee8c16ff4da4776e3e28e6d29) Importer(815301076,1909f56bfc062723c751e8b465ee728b)
Start importing Assets/Medieval_pixel_art_asset_FREE/Prefabs/Props_free/Medieval_props_free_7.prefab using Guid(24ae35bee8c16ff4da4776e3e28e6d29) Importer(815301076,1909f56bfc062723c751e8b465ee728b)  -> (artifact id: 'af894c95fb3c4dadc568721231d2c17a') in 0.008480 seconds
Number of updated asset objects reloaded before import = 0
Number of asset objects unloaded after import = 7
========================================================================
Received Import Request.
  Time since last request: 0.000015 seconds.
  path: Assets/Medieval_pixel_art_asset_FREE/Prefabs/Props_free/Medieval_props_free_19.prefab
  artifactKey: Guid(44054954b77510d47b1fcbe02bebc579) Importer(815301076,1909f56bfc062723c751e8b465ee728b)
Start importing Assets/Medieval_pixel_art_asset_FREE/Prefabs/Props_free/Medieval_props_free_19.prefab using Guid(44054954b77510d47b1fcbe02bebc579) Importer(815301076,1909f56bfc062723c751e8b465ee728b)  -> (artifact id: '0e56de6c68698cf675e31021f7c11f8c') in 0.010896 seconds
Number of updated asset objects reloaded before import = 0
Number of asset objects unloaded after import = 7
========================================================================
Received Import Request.
  Time since last request: 0.000020 seconds.
  path: Assets/Medieval_pixel_art_asset_FREE/Prefabs/Props_free/Medieval_props_free_21.prefab
  artifactKey: Guid(71cce0e18cda5cf41922fd12f108ed51) Importer(815301076,1909f56bfc062723c751e8b465ee728b)
Start importing Assets/Medieval_pixel_art_asset_FREE/Prefabs/Props_free/Medieval_props_free_21.prefab using Guid(71cce0e18cda5cf41922fd12f108ed51) Importer(815301076,1909f56bfc062723c751e8b465ee728b)  -> (artifact id: 'aa51da44516654bf2d4d607a6283bc96') in 0.009688 seconds
Number of updated asset objects reloaded before import = 0
Number of asset objects unloaded after import = 7
========================================================================
Received Import Request.
  Time since last request: 0.000013 seconds.
  path: Assets/Medieval_pixel_art_asset_FREE/Prefabs/Props_free/Medieval_props_free_18.prefab
  artifactKey: Guid(4c982269016456b4bad3db44c7da536e) Importer(815301076,1909f56bfc062723c751e8b465ee728b)
Start importing Assets/Medieval_pixel_art_asset_FREE/Prefabs/Props_free/Medieval_props_free_18.prefab using Guid(4c982269016456b4bad3db44c7da536e) Importer(815301076,1909f56bfc062723c751e8b465ee728b)  -> (artifact id: '9820d4e2d6f0e40857eb811cf5424284') in 0.009683 seconds
Number of updated asset objects reloaded before import = 0
Number of asset objects unloaded after import = 7
========================================================================
Received Import Request.
  Time since last request: 0.000016 seconds.
  path: Assets/Medieval_pixel_art_asset_FREE/Prefabs/Props_free/Medieval_props_free_9.prefab
  artifactKey: Guid(66e1fcc26d996ca47b0d294f2113a254) Importer(815301076,1909f56bfc062723c751e8b465ee728b)
Start importing Assets/Medieval_pixel_art_asset_FREE/Prefabs/Props_free/Medieval_props_free_9.prefab using Guid(66e1fcc26d996ca47b0d294f2113a254) Importer(815301076,1909f56bfc062723c751e8b465ee728b)  -> (artifact id: 'e844d9819a240435cab8003163082b83') in 0.010151 seconds
Number of updated asset objects reloaded before import = 0
Number of asset objects unloaded after import = 7
========================================================================
Received Import Request.
  Time since last request: 0.000016 seconds.
  path: Assets/Medieval_pixel_art_asset_FREE/Prefabs/Props_free/Medieval_props_free_16.prefab
  artifactKey: Guid(ad8aee53221f9c44bb741edfa9bbafe3) Importer(815301076,1909f56bfc062723c751e8b465ee728b)
Start importing Assets/Medieval_pixel_art_asset_FREE/Prefabs/Props_free/Medieval_props_free_16.prefab using Guid(ad8aee53221f9c44bb741edfa9bbafe3) Importer(815301076,1909f56bfc062723c751e8b465ee728b)  -> (artifact id: '63320a0281f851e8f46a48d6150ffb63') in 0.010202 seconds
Number of updated asset objects reloaded before import = 0
Number of asset objects unloaded after import = 7
========================================================================
Received Import Request.
  Time since last request: 1.929564 seconds.
  path: Assets/Medieval_pixel_art_asset_FREE/Textures/Medieval_props_free.png
  artifactKey: Guid(ae3918a914038694d852d0bb81f62473) Importer(815301076,1909f56bfc062723c751e8b465ee728b)
Start importing Assets/Medieval_pixel_art_asset_FREE/Textures/Medieval_props_free.png using Guid(ae3918a914038694d852d0bb81f62473) Importer(815301076,1909f56bfc062723c751e8b465ee728b)  -> (artifact id: '5dd807dbf8bfe0ac406997f83c522009') in 0.046465 seconds
Number of updated asset objects reloaded before import = 0
Number of asset objects unloaded after import = 26
========================================================================
Received Import Request.
  Time since last request: 2.745801 seconds.
  path: Assets/Medieval_pixel_art_asset_FREE/Tiles_free/Medieval_tiles_free2_1.asset
  artifactKey: Guid(00fe28a97a714714ba7d64796c54617e) Importer(815301076,1909f56bfc062723c751e8b465ee728b)
Start importing Assets/Medieval_pixel_art_asset_FREE/Tiles_free/Medieval_tiles_free2_1.asset using Guid(00fe28a97a714714ba7d64796c54617e) Importer(815301076,1909f56bfc062723c751e8b465ee728b)  -> (artifact id: 'f9fe38ca193e90f1b080ecf7517f5f66') in 0.013742 seconds
Number of updated asset objects reloaded before import = 0
Number of asset objects unloaded after import = 3
========================================================================
Received Import Request.
  Time since last request: 0.000010 seconds.
  path: Assets/Medieval_pixel_art_asset_FREE/Tiles_free/Medieval_tiles_free2_3.asset
  artifactKey: Guid(a22c97a39c65b374dbccd029d4df9a21) Importer(815301076,1909f56bfc062723c751e8b465ee728b)
Start importing Assets/Medieval_pixel_art_asset_FREE/Tiles_free/Medieval_tiles_free2_3.asset using Guid(a22c97a39c65b374dbccd029d4df9a21) Importer(815301076,1909f56bfc062723c751e8b465ee728b)  -> (artifact id: '9cc8ce470675c0943d552139ca47de11') in 0.008879 seconds
Number of updated asset objects reloaded before import = 0
Number of asset objects unloaded after import = 3
========================================================================
Received Import Request.
  Time since last request: 0.000011 seconds.
  path: Assets/Medieval_pixel_art_asset_FREE/Tiles_free/Medieval_tiles_free2_11.asset
  artifactKey: Guid(bd0adafd2601bb74dacbd30d5efcd1d3) Importer(815301076,1909f56bfc062723c751e8b465ee728b)
Start importing Assets/Medieval_pixel_art_asset_FREE/Tiles_free/Medieval_tiles_free2_11.asset using Guid(bd0adafd2601bb74dacbd30d5efcd1d3) Importer(815301076,1909f56bfc062723c751e8b465ee728b)  -> (artifact id: 'aff1a2fe379e158317ab1952bb5d9d32') in 0.010107 seconds
Number of updated asset objects reloaded before import = 0
Number of asset objects unloaded after import = 3
========================================================================
Received Import Request.
  Time since last request: 0.000012 seconds.
  path: Assets/Medieval_pixel_art_asset_FREE/Tiles_free/Medieval_tiles_free2_6.asset
  artifactKey: Guid(c6036000667b5934d818717a2318de69) Importer(815301076,1909f56bfc062723c751e8b465ee728b)
Start importing Assets/Medieval_pixel_art_asset_FREE/Tiles_free/Medieval_tiles_free2_6.asset using Guid(c6036000667b5934d818717a2318de69) Importer(815301076,1909f56bfc062723c751e8b465ee728b)  -> (artifact id: '5da798f93242c32efa189073294a81de') in 0.009751 seconds
Number of updated asset objects reloaded before import = 0
Number of asset objects unloaded after import = 3
========================================================================
Received Import Request.
  Time since last request: 0.000012 seconds.
  path: Assets/Medieval_pixel_art_asset_FREE/Tiles_free/Medieval_tiles_free2_5.asset
  artifactKey: Guid(2fb88953e2c1c0c4a91f42a64ec98399) Importer(815301076,1909f56bfc062723c751e8b465ee728b)
Start importing Assets/Medieval_pixel_art_asset_FREE/Tiles_free/Medieval_tiles_free2_5.asset using Guid(2fb88953e2c1c0c4a91f42a64ec98399) Importer(815301076,1909f56bfc062723c751e8b465ee728b)  -> (artifact id: 'a2d63bf8330b21f1f44779b0a16c18f7') in 0.009257 seconds
Number of updated asset objects reloaded before import = 0
Number of asset objects unloaded after import = 3
========================================================================
Received Import Request.
  Time since last request: 0.000012 seconds.
  path: Assets/Medieval_pixel_art_asset_FREE/Tiles_free/Medieval_tiles_free2_44.asset
  artifactKey: Guid(954409f4ba53fb24a9eb9592050da5b5) Importer(815301076,1909f56bfc062723c751e8b465ee728b)
Start importing Assets/Medieval_pixel_art_asset_FREE/Tiles_free/Medieval_tiles_free2_44.asset using Guid(954409f4ba53fb24a9eb9592050da5b5) Importer(815301076,1909f56bfc062723c751e8b465ee728b)  -> (artifact id: 'f3d0d601a5255c1e36230e38ee758b71') in 0.010718 seconds
Number of updated asset objects reloaded before import = 0
Number of asset objects unloaded after import = 3
========================================================================
Received Import Request.
  Time since last request: 0.000013 seconds.
  path: Assets/Medieval_pixel_art_asset_FREE/Tiles_free/Medieval_tiles_free2_8.asset
  artifactKey: Guid(0e2cab3f02c7fb341a7d53298845604a) Importer(815301076,1909f56bfc062723c751e8b465ee728b)
Start importing Assets/Medieval_pixel_art_asset_FREE/Tiles_free/Medieval_tiles_free2_8.asset using Guid(0e2cab3f02c7fb341a7d53298845604a) Importer(815301076,1909f56bfc062723c751e8b465ee728b)  -> (artifact id: '7dcf6f0a7566082419774c24683e230e') in 0.009409 seconds
Number of updated asset objects reloaded before import = 0
Number of asset objects unloaded after import = 3
========================================================================
Received Import Request.
  Time since last request: 0.000016 seconds.
  path: Assets/Medieval_pixel_art_asset_FREE/Tiles_free/Medieval_tiles_free2_36.asset
  artifactKey: Guid(f4e6b983780735f4ebdae217da51f126) Importer(815301076,1909f56bfc062723c751e8b465ee728b)
Start importing Assets/Medieval_pixel_art_asset_FREE/Tiles_free/Medieval_tiles_free2_36.asset using Guid(f4e6b983780735f4ebdae217da51f126) Importer(815301076,1909f56bfc062723c751e8b465ee728b)  -> (artifact id: 'ff9a8d5afe631f533542f0df1e859a3a') in 0.011562 seconds
Number of updated asset objects reloaded before import = 0
Number of asset objects unloaded after import = 3
========================================================================
Received Import Request.
  Time since last request: 0.000015 seconds.
  path: Assets/Medieval_pixel_art_asset_FREE/Tiles_free/Medieval_tiles_free2_45.asset
  artifactKey: Guid(3128955341263c74090c006ed71470a2) Importer(815301076,1909f56bfc062723c751e8b465ee728b)
Start importing Assets/Medieval_pixel_art_asset_FREE/Tiles_free/Medieval_tiles_free2_45.asset using Guid(3128955341263c74090c006ed71470a2) Importer(815301076,1909f56bfc062723c751e8b465ee728b)  -> (artifact id: 'c4ea57e3e9e1adae197b2e4b7b97279e') in 0.009546 seconds
Number of updated asset objects reloaded before import = 0
Number of asset objects unloaded after import = 3
========================================================================
Received Import Request.
  Time since last request: 0.000023 seconds.
  path: Assets/Medieval_pixel_art_asset_FREE/Tiles_free/Medieval_tiles_free2_37.asset
  artifactKey: Guid(2692f4efbd3809341a0d5eeb348d9bd8) Importer(815301076,1909f56bfc062723c751e8b465ee728b)
Start importing Assets/Medieval_pixel_art_asset_FREE/Tiles_free/Medieval_tiles_free2_37.asset using Guid(2692f4efbd3809341a0d5eeb348d9bd8) Importer(815301076,1909f56bfc062723c751e8b465ee728b)  -> (artifact id: '54a959cb60abc069a657656c804d4207') in 0.010763 seconds
Number of updated asset objects reloaded before import = 0
Number of asset objects unloaded after import = 3
========================================================================
Received Import Request.
  Time since last request: 0.000022 seconds.
  path: Assets/Medieval_pixel_art_asset_FREE/Tiles_free/Medieval_tiles_free2_17.asset
  artifactKey: Guid(1f5ec9855099f154c9a58ac3be8d2b1a) Importer(815301076,1909f56bfc062723c751e8b465ee728b)
Start importing Assets/Medieval_pixel_art_asset_FREE/Tiles_free/Medieval_tiles_free2_17.asset using Guid(1f5ec9855099f154c9a58ac3be8d2b1a) Importer(815301076,1909f56bfc062723c751e8b465ee728b)  -> (artifact id: '97db42d0c04c3eabfb2d6701f7c19336') in 0.010057 seconds
Number of updated asset objects reloaded before import = 0
Number of asset objects unloaded after import = 3
========================================================================
Received Import Request.
  Time since last request: 0.000012 seconds.
  path: Assets/Medieval_pixel_art_asset_FREE/Tiles_free/Medieval_tiles_free2_39.asset
  artifactKey: Guid(623aaf92a77c47b49a49e59d04951323) Importer(815301076,1909f56bfc062723c751e8b465ee728b)
Start importing Assets/Medieval_pixel_art_asset_FREE/Tiles_free/Medieval_tiles_free2_39.asset using Guid(623aaf92a77c47b49a49e59d04951323) Importer(815301076,1909f56bfc062723c751e8b465ee728b)  -> (artifact id: 'b3fefd07cbefe85db2f69c7ad2934a42') in 0.011391 seconds
Number of updated asset objects reloaded before import = 0
Number of asset objects unloaded after import = 3
========================================================================
Received Import Request.
  Time since last request: 0.000014 seconds.
  path: Assets/Medieval_pixel_art_asset_FREE/Tiles_free/Medieval_tiles_free2_7.asset
  artifactKey: Guid(0dbd2c7dd43603c4f8d08d7964404ad0) Importer(815301076,1909f56bfc062723c751e8b465ee728b)
Start importing Assets/Medieval_pixel_art_asset_FREE/Tiles_free/Medieval_tiles_free2_7.asset using Guid(0dbd2c7dd43603c4f8d08d7964404ad0) Importer(815301076,1909f56bfc062723c751e8b465ee728b)  -> (artifact id: 'f843030ed6443625b23bc26f39b70d49') in 0.010884 seconds
Number of updated asset objects reloaded before import = 0
Number of asset objects unloaded after import = 3
========================================================================
Received Import Request.
  Time since last request: 0.000016 seconds.
  path: Assets/Medieval_pixel_art_asset_FREE/Tiles_free/Medieval_tiles_free2_21.asset
  artifactKey: Guid(0bf16d69d9aeaae4189835c6b2342fd4) Importer(815301076,1909f56bfc062723c751e8b465ee728b)
Start importing Assets/Medieval_pixel_art_asset_FREE/Tiles_free/Medieval_tiles_free2_21.asset using Guid(0bf16d69d9aeaae4189835c6b2342fd4) Importer(815301076,1909f56bfc062723c751e8b465ee728b)  -> (artifact id: 'e4f384fdd881d2dedfcd9a7a35c4a769') in 0.013313 seconds
Number of updated asset objects reloaded before import = 0
Number of asset objects unloaded after import = 3
========================================================================
Received Import Request.
  Time since last request: 0.000033 seconds.
  path: Assets/Medieval_pixel_art_asset_FREE/Tiles_free/Medieval_tiles_free2_10.asset
  artifactKey: Guid(6f8ffdf4dd9eff74d826989fdc289ecc) Importer(815301076,1909f56bfc062723c751e8b465ee728b)
Start importing Assets/Medieval_pixel_art_asset_FREE/Tiles_free/Medieval_tiles_free2_10.asset using Guid(6f8ffdf4dd9eff74d826989fdc289ecc) Importer(815301076,1909f56bfc062723c751e8b465ee728b)  -> (artifact id: 'd300281738615f0e5bd5bdcabf7c86dd') in 0.008289 seconds
Number of updated asset objects reloaded before import = 0
Number of asset objects unloaded after import = 3
========================================================================
Received Import Request.
  Time since last request: 0.000015 seconds.
  path: Assets/Medieval_pixel_art_asset_FREE/Tiles_free/Medieval_tiles_free2_16.asset
  artifactKey: Guid(c7e104a15f92b094ca3f320a387f4bf4) Importer(815301076,1909f56bfc062723c751e8b465ee728b)
Start importing Assets/Medieval_pixel_art_asset_FREE/Tiles_free/Medieval_tiles_free2_16.asset using Guid(c7e104a15f92b094ca3f320a387f4bf4) Importer(815301076,1909f56bfc062723c751e8b465ee728b)  -> (artifact id: '262b4ec538eed6b790aada0ec7868ce5') in 0.010490 seconds
Number of updated asset objects reloaded before import = 0
Number of asset objects unloaded after import = 3
========================================================================
Received Import Request.
  Time since last request: 0.000013 seconds.
  path: Assets/Medieval_pixel_art_asset_FREE/Tiles_free/Medieval_tiles_free2_22.asset
  artifactKey: Guid(55198fbb560b87e4f825fffd7fd0b33d) Importer(815301076,1909f56bfc062723c751e8b465ee728b)
Start importing Assets/Medieval_pixel_art_asset_FREE/Tiles_free/Medieval_tiles_free2_22.asset using Guid(55198fbb560b87e4f825fffd7fd0b33d) Importer(815301076,1909f56bfc062723c751e8b465ee728b)  -> (artifact id: '90e23f4f91933f9da4ac96e329bef0f4') in 0.011559 seconds
Number of updated asset objects reloaded before import = 0
Number of asset objects unloaded after import = 3
========================================================================
Received Import Request.
  Time since last request: 7.578259 seconds.
  path: Assets/Medieval_pixel_art_asset_FREE/Textures/Medieval_props_free_1.asset
  artifactKey: Guid(299d5c09f09a6de42be8b55b0a56ec20) Importer(815301076,1909f56bfc062723c751e8b465ee728b)
Start importing Assets/Medieval_pixel_art_asset_FREE/Textures/Medieval_props_free_1.asset using Guid(299d5c09f09a6de42be8b55b0a56ec20) Importer(815301076,1909f56bfc062723c751e8b465ee728b)  -> (artifact id: 'ce2d0b706bb53256c48221e608d92997') in 0.007721 seconds
Number of updated asset objects reloaded before import = 0
Number of asset objects unloaded after import = 3
========================================================================
Received Import Request.
  Time since last request: 0.000019 seconds.
  path: Assets/Medieval_pixel_art_asset_FREE/Textures/Medieval_props_free_7.asset
  artifactKey: Guid(f008393e02b073d4eb134188615eb852) Importer(815301076,1909f56bfc062723c751e8b465ee728b)
Start importing Assets/Medieval_pixel_art_asset_FREE/Textures/Medieval_props_free_7.asset using Guid(f008393e02b073d4eb134188615eb852) Importer(815301076,1909f56bfc062723c751e8b465ee728b)  -> (artifact id: '1c6de59b7c6a47563eaf417a70b9fa32') in 0.008141 seconds
Number of updated asset objects reloaded before import = 0
Number of asset objects unloaded after import = 3
========================================================================
Received Import Request.
  Time since last request: 0.000013 seconds.
  path: Assets/Medieval_pixel_art_asset_FREE/Textures/Medieval_props_free_11.asset
  artifactKey: Guid(66c55a00181b1554998bf5a969fd1772) Importer(815301076,1909f56bfc062723c751e8b465ee728b)
Start importing Assets/Medieval_pixel_art_asset_FREE/Textures/Medieval_props_free_11.asset using Guid(66c55a00181b1554998bf5a969fd1772) Importer(815301076,1909f56bfc062723c751e8b465ee728b)  -> (artifact id: '1c4cc00175739e2d4abba45288a66e14') in 0.007346 seconds
Number of updated asset objects reloaded before import = 0
Number of asset objects unloaded after import = 3
========================================================================
Received Import Request.
  Time since last request: 0.000016 seconds.
  path: Assets/Medieval_pixel_art_asset_FREE/Textures/Medieval_props_free_15.asset
  artifactKey: Guid(f138feb27e729704a825de8d9110c857) Importer(815301076,1909f56bfc062723c751e8b465ee728b)
Start importing Assets/Medieval_pixel_art_asset_FREE/Textures/Medieval_props_free_15.asset using Guid(f138feb27e729704a825de8d9110c857) Importer(815301076,1909f56bfc062723c751e8b465ee728b)  -> (artifact id: '06f42c30ff337c99db63993d8c529a06') in 0.007059 seconds
Number of updated asset objects reloaded before import = 0
Number of asset objects unloaded after import = 3
========================================================================
Received Import Request.
  Time since last request: 0.000014 seconds.
  path: Assets/Medieval_pixel_art_asset_FREE/Textures/Medieval_props_free_22.asset
  artifactKey: Guid(e8021a0ffda3e2540a74bf1e184a9254) Importer(815301076,1909f56bfc062723c751e8b465ee728b)
Start importing Assets/Medieval_pixel_art_asset_FREE/Textures/Medieval_props_free_22.asset using Guid(e8021a0ffda3e2540a74bf1e184a9254) Importer(815301076,1909f56bfc062723c751e8b465ee728b)  -> (artifact id: '77a85e165b0f75d634fa33c7b9f7a68c') in 0.008141 seconds
Number of updated asset objects reloaded before import = 0
Number of asset objects unloaded after import = 3
========================================================================
Received Import Request.
  Time since last request: 0.000018 seconds.
  path: Assets/Medieval_pixel_art_asset_FREE/Textures/Medieval_props_free_16.asset
  artifactKey: Guid(6dd8229a45501404ca2a3ca33ad4c2c0) Importer(815301076,1909f56bfc062723c751e8b465ee728b)
Start importing Assets/Medieval_pixel_art_asset_FREE/Textures/Medieval_props_free_16.asset using Guid(6dd8229a45501404ca2a3ca33ad4c2c0) Importer(815301076,1909f56bfc062723c751e8b465ee728b)  -> (artifact id: 'a55b6d952fe5f9647f85e301ad6f735e') in 0.007831 seconds
Number of updated asset objects reloaded before import = 0
Number of asset objects unloaded after import = 3
========================================================================
Received Import Request.
  Time since last request: 0.000013 seconds.
  path: Assets/Medieval_pixel_art_asset_FREE/Textures/Medieval_props_free_13.asset
  artifactKey: Guid(e407c91b21e482343bc7a333cd62d5b1) Importer(815301076,1909f56bfc062723c751e8b465ee728b)
Start importing Assets/Medieval_pixel_art_asset_FREE/Textures/Medieval_props_free_13.asset using Guid(e407c91b21e482343bc7a333cd62d5b1) Importer(815301076,1909f56bfc062723c751e8b465ee728b)  -> (artifact id: '99f9674f9b399c290b0bc4604ebaf444') in 0.007835 seconds
Number of updated asset objects reloaded before import = 0
Number of asset objects unloaded after import = 3
========================================================================
Received Import Request.
  Time since last request: 0.000013 seconds.
  path: Assets/Medieval_pixel_art_asset_FREE/Textures/Medieval_props_free_4.asset
  artifactKey: Guid(3a9bb0e26de39d2418a98b9cc7e96dde) Importer(815301076,1909f56bfc062723c751e8b465ee728b)
Start importing Assets/Medieval_pixel_art_asset_FREE/Textures/Medieval_props_free_4.asset using Guid(3a9bb0e26de39d2418a98b9cc7e96dde) Importer(815301076,1909f56bfc062723c751e8b465ee728b)  -> (artifact id: '675aa9bd3145b38bcaf95b339af62eaa') in 0.008317 seconds
Number of updated asset objects reloaded before import = 0
Number of asset objects unloaded after import = 3
========================================================================
Received Import Request.
  Time since last request: 27.846097 seconds.
  path: Assets/Materials/Image2.mat
  artifactKey: Guid(8ffce0c52916b0341974db6fad530a7c) Importer(815301076,1909f56bfc062723c751e8b465ee728b)
Start importing Assets/Materials/Image2.mat using Guid(8ffce0c52916b0341974db6fad530a7c) Importer(815301076,1909f56bfc062723c751e8b465ee728b)  -> (artifact id: '5eab43ee4bf6f5f3f0321dcd9e408443') in 0.020628 seconds
Number of updated asset objects reloaded before import = 0
Number of asset objects unloaded after import = 2
========================================================================
Received Import Request.
  Time since last request: 44.620660 seconds.
  path: Assets/SunnyLand House Props Expansion Pack/Props PNG/straw-house.png
  artifactKey: Guid(21e65559107eeb14590b601e0e668ee5) Importer(815301076,1909f56bfc062723c751e8b465ee728b)
Start importing Assets/SunnyLand House Props Expansion Pack/Props PNG/straw-house.png using Guid(21e65559107eeb14590b601e0e668ee5) Importer(815301076,1909f56bfc062723c751e8b465ee728b)  -> (artifact id: '0ebeccf3fd0d6ceb6586acd231828c88') in 0.009613 seconds
Number of updated asset objects reloaded before import = 0
Number of asset objects unloaded after import = 3
