Using pre-set license
Built from '2022.3/staging' branch; Version is '2022.3.22f1 (887be4894c44) revision 8944612'; Using compiler version '192829333'; Build Type 'Release'
OS: 'Windows 10  (10.0.19045) 64bit CoreSingleLanguage' Language: 'ru' Physical Memory: 16309 MB
BatchMode: 1, IsHumanControllingUs: 0, StartBugReporterOnCrash: 0, Is64bit: 1, IsPro: 1

COMMAND LINE ARGUMENTS:
D:\Unity\2022.3.22f1\Editor\Unity.exe
-adb2
-batchMode
-noUpm
-name
AssetImportWorker2
-projectPath
D:/Unity/My-projects-2D/My project 2D
-logFile
Logs/AssetImportWorker2.log
-srvPort
54842
Successfully changed project path to: D:/Unity/My-projects-2D/My project 2D
D:/Unity/My-projects-2D/My project 2D
[UnityMemory] Configuration Parameters - Can be set up in boot.config
    "memorysetup-bucket-allocator-granularity=16"
    "memorysetup-bucket-allocator-bucket-count=8"
    "memorysetup-bucket-allocator-block-size=33554432"
    "memorysetup-bucket-allocator-block-count=8"
    "memorysetup-main-allocator-block-size=16777216"
    "memorysetup-thread-allocator-block-size=16777216"
    "memorysetup-gfx-main-allocator-block-size=16777216"
    "memorysetup-gfx-thread-allocator-block-size=16777216"
    "memorysetup-cache-allocator-block-size=4194304"
    "memorysetup-typetree-allocator-block-size=2097152"
    "memorysetup-profiler-bucket-allocator-granularity=16"
    "memorysetup-profiler-bucket-allocator-bucket-count=8"
    "memorysetup-profiler-bucket-allocator-block-size=33554432"
    "memorysetup-profiler-bucket-allocator-block-count=8"
    "memorysetup-profiler-allocator-block-size=16777216"
    "memorysetup-profiler-editor-allocator-block-size=1048576"
    "memorysetup-temp-allocator-size-main=16777216"
    "memorysetup-job-temp-allocator-block-size=2097152"
    "memorysetup-job-temp-allocator-block-size-background=1048576"
    "memorysetup-job-temp-allocator-reduction-small-platforms=262144"
    "memorysetup-allocator-temp-initial-block-size-main=262144"
    "memorysetup-allocator-temp-initial-block-size-worker=262144"
    "memorysetup-temp-allocator-size-background-worker=32768"
    "memorysetup-temp-allocator-size-job-worker=262144"
    "memorysetup-temp-allocator-size-preload-manager=33554432"
    "memorysetup-temp-allocator-size-nav-mesh-worker=65536"
    "memorysetup-temp-allocator-size-audio-worker=65536"
    "memorysetup-temp-allocator-size-cloud-worker=32768"
    "memorysetup-temp-allocator-size-gi-baking-worker=262144"
    "memorysetup-temp-allocator-size-gfx=262144"
Player connection [12564] Host "[IP] 192.168.56.1 [Port] 0 [Flags] 2 [Guid] 3782699541 [EditorId] 3782699541 [Version] 1048832 [Id] WindowsEditor(7,DESKTOP-7VEVSHS) [Debug] 1 [PackageName] WindowsEditor [ProjectName] Editor" joined multi-casting on [225.0.0.222:54997]...

Player connection [12564] Host "[IP] 192.168.56.1 [Port] 0 [Flags] 2 [Guid] 3782699541 [EditorId] 3782699541 [Version] 1048832 [Id] WindowsEditor(7,DESKTOP-7VEVSHS) [Debug] 1 [PackageName] WindowsEditor [ProjectName] Editor" joined alternative multi-casting on [225.0.0.222:34997]...

[Physics::Module] Initialized MultithreadedJobDispatcher with 11 workers.
Refreshing native plugins compatible for Editor in 11.35 ms, found 7 plugins.
Preloading 0 native plugins for Editor in 0.00 ms.
Initialize engine version: 2022.3.22f1 (887be4894c44)
[Subsystems] Discovering subsystems at path D:/Unity/2022.3.22f1/Editor/Data/Resources/UnitySubsystems
[Subsystems] Discovering subsystems at path D:/Unity/My-projects-2D/My project 2D/Assets
GfxDevice: creating device client; threaded=0; jobified=0
Direct3D:
    Version:  Direct3D 11.0 [level 11.1]
    Renderer: NVIDIA GeForce RTX 3050 (ID=0x2507)
    Vendor:   NVIDIA
    VRAM:     8042 MB
    Driver:   31.0.15.5152
Initialize mono
Mono path[0] = 'D:/Unity/2022.3.22f1/Editor/Data/Managed'
Mono path[1] = 'D:/Unity/2022.3.22f1/Editor/Data/MonoBleedingEdge/lib/mono/unityjit-win32'
Mono config path = 'D:/Unity/2022.3.22f1/Editor/Data/MonoBleedingEdge/etc'
Using monoOptions --debugger-agent=transport=dt_socket,embedding=1,server=y,suspend=n,address=127.0.0.1:56268
Begin MonoManager ReloadAssembly
Registering precompiled unity dll's ...
Register platform support module: D:/Unity/2022.3.22f1/Editor/Data/PlaybackEngines/WebGLSupport/UnityEditor.WebGL.Extensions.dll
Register platform support module: D:/Unity/2022.3.22f1/Editor/Data/PlaybackEngines/WindowsStandaloneSupport/UnityEditor.WindowsStandalone.Extensions.dll
Registered in 0.005205 seconds.
- Loaded All Assemblies, in  0.288 seconds
Native extension for WindowsStandalone target not found
Native extension for WebGL target not found
Mono: successfully reloaded assembly
- Finished resetting the current domain, in  0.237 seconds
Domain Reload Profiling: 525ms
	BeginReloadAssembly (90ms)
		ExecutionOrderSort (0ms)
		DisableScriptedObjects (0ms)
		BackupInstance (0ms)
		ReleaseScriptingObjects (0ms)
		CreateAndSetChildDomain (1ms)
	RebuildCommonClasses (30ms)
	RebuildNativeTypeToScriptingClass (8ms)
	initialDomainReloadingComplete (44ms)
	LoadAllAssembliesAndSetupDomain (115ms)
		LoadAssemblies (89ms)
		RebuildTransferFunctionScriptingTraits (0ms)
		AnalyzeDomain (113ms)
			TypeCache.Refresh (112ms)
				TypeCache.ScanAssembly (100ms)
			ScanForSourceGeneratedMonoScriptInfo (0ms)
			ResolveRequiredComponents (0ms)
	FinalizeReload (237ms)
		ReleaseScriptCaches (0ms)
		RebuildScriptCaches (0ms)
		SetupLoadedEditorAssemblies (186ms)
			LogAssemblyErrors (0ms)
			InitializePlatformSupportModulesInManaged (8ms)
			SetLoadedEditorAssemblies (5ms)
			RefreshPlugins (0ms)
			BeforeProcessingInitializeOnLoad (2ms)
			ProcessInitializeOnLoadAttributes (131ms)
			ProcessInitializeOnLoadMethodAttributes (39ms)
			AfterProcessingInitializeOnLoad (0ms)
			EditorAssembliesLoaded (0ms)
		ExecutionOrderSort2 (0ms)
		AwakeInstancesAfterBackupRestoration (0ms)
========================================================================
Worker process is ready to serve import requests
Begin MonoManager ReloadAssembly
- Loaded All Assemblies, in  0.506 seconds
Refreshing native plugins compatible for Editor in 4.29 ms, found 7 plugins.
Native extension for WindowsStandalone target not found
Native extension for WebGL target not found
Package Manager log level set to [2]
[Package Manager] Server::EnsureServerProcessIsRunning -- launch failed, reason: Unity was launched with the -noUpm command-line argument
[Package Manager] UpmClient::Send -- Unable to send message (not connected to UPM process).
[Package Manager] Cannot connect to Unity Package Manager local server
Mono: successfully reloaded assembly
- Finished resetting the current domain, in  0.652 seconds
Domain Reload Profiling: 1157ms
	BeginReloadAssembly (124ms)
		ExecutionOrderSort (0ms)
		DisableScriptedObjects (5ms)
		BackupInstance (0ms)
		ReleaseScriptingObjects (0ms)
		CreateAndSetChildDomain (19ms)
	RebuildCommonClasses (26ms)
	RebuildNativeTypeToScriptingClass (8ms)
	initialDomainReloadingComplete (32ms)
	LoadAllAssembliesAndSetupDomain (314ms)
		LoadAssemblies (238ms)
		RebuildTransferFunctionScriptingTraits (0ms)
		AnalyzeDomain (148ms)
			TypeCache.Refresh (124ms)
				TypeCache.ScanAssembly (112ms)
			ScanForSourceGeneratedMonoScriptInfo (18ms)
			ResolveRequiredComponents (4ms)
	FinalizeReload (652ms)
		ReleaseScriptCaches (0ms)
		RebuildScriptCaches (0ms)
		SetupLoadedEditorAssemblies (520ms)
			LogAssemblyErrors (0ms)
			InitializePlatformSupportModulesInManaged (5ms)
			SetLoadedEditorAssemblies (3ms)
			RefreshPlugins (0ms)
			BeforeProcessingInitializeOnLoad (56ms)
			ProcessInitializeOnLoadAttributes (421ms)
			ProcessInitializeOnLoadMethodAttributes (33ms)
			AfterProcessingInitializeOnLoad (3ms)
			EditorAssembliesLoaded (0ms)
		ExecutionOrderSort2 (0ms)
		AwakeInstancesAfterBackupRestoration (5ms)
Launched and connected shader compiler UnityShaderCompiler.exe after 0.04 seconds
Refreshing native plugins compatible for Editor in 4.22 ms, found 7 plugins.
Preloading 0 native plugins for Editor in 0.00 ms.
Unloading 4200 Unused Serialized files (Serialized files now loaded: 0)
Unloading 76 unused Assets / (247.5 KB). Loaded Objects now: 4650.
Memory consumption went from 149.3 MB to 149.1 MB.
Total: 3.227400 ms (FindLiveObjects: 0.251400 ms CreateObjectMapping: 0.094600 ms MarkObjects: 2.678000 ms  DeleteObjects: 0.202800 ms)

AssetImportParameters requested are different than current active one (requested -> active):
  custom:container-demuxer-ogg: 62fdf1f143b41e24485cea50d1cbac27 -> 
  custom:video-decoder-ogg-theora: a1e56fd34408186e4bbccfd4996cb3dc -> 
  custom:framework-win-MediaFoundation: 216162199b28c13a410421893ffa2e32 -> 
  custom:CustomObjectIndexerAttribute: 9a22284fe3817be447336de3de66b15e -> 
  custom:container-demuxer-webm: 4f35f7cbe854078d1ac9338744f61a02 -> 
  custom:container-muxer-webm: aa71ff27fc2769a1b78a27578f13a17b -> 
  custom:video-decoder-webm-vp8: 9c59270c3fd7afecdb556c50c9e8de78 -> 
  custom:SearchIndexIgnoredProperties: e643bd26f0fe6173181afceb89e7c659 -> 
  custom:AudioImporter_EditorPlatform: d09bf68614088b80899f8185d706f6e7 -> 
  custom:video-encoder-webm-vp8: eb34c28f22e8b96e1ab97ce403110664 -> 
  custom:audio-decoder-ogg-vorbis: bf7c407c2cedff20999df2af8eb42d56 -> 
  custom:audio-encoder-webm-vorbis: bf7c407c2cedff20999df2af8eb42d56 -> 
========================================================================
Received Import Request.
  Time since last request: 6828.475500 seconds.
  path: Assets/Medieval_pixel_art_asset_FREE/Tiles_free/Medieval_tiles_free2_0.asset
  artifactKey: Guid(d9f98adac48e02c4ca93094b79d999d5) Importer(815301076,1909f56bfc062723c751e8b465ee728b)
Start importing Assets/Medieval_pixel_art_asset_FREE/Tiles_free/Medieval_tiles_free2_0.asset using Guid(d9f98adac48e02c4ca93094b79d999d5) Importer(815301076,1909f56bfc062723c751e8b465ee728b)  -> (artifact id: '03a75b0aa64b69d7e6e82d9285c4e51c') in 0.074913 seconds
Number of updated asset objects reloaded before import = 0
Number of asset objects unloaded after import = 3
========================================================================
Received Import Request.
  Time since last request: 0.000019 seconds.
  path: Assets/Medieval_pixel_art_asset_FREE/Tiles_free/Medieval_tiles_free2_24.asset
  artifactKey: Guid(3ba78f7ac22c9d84caac47bf2347cb4c) Importer(815301076,1909f56bfc062723c751e8b465ee728b)
Start importing Assets/Medieval_pixel_art_asset_FREE/Tiles_free/Medieval_tiles_free2_24.asset using Guid(3ba78f7ac22c9d84caac47bf2347cb4c) Importer(815301076,1909f56bfc062723c751e8b465ee728b)  -> (artifact id: '3101c66db4d9f9c3fdfbd73c08542eca') in 0.011886 seconds
Number of updated asset objects reloaded before import = 0
Number of asset objects unloaded after import = 3
========================================================================
Received Import Request.
  Time since last request: 0.000021 seconds.
  path: Assets/Medieval_pixel_art_asset_FREE/Tiles_free/Medieval_tiles_free2_38.asset
  artifactKey: Guid(2a304df656aa83c4893d32ae8275fe52) Importer(815301076,1909f56bfc062723c751e8b465ee728b)
Start importing Assets/Medieval_pixel_art_asset_FREE/Tiles_free/Medieval_tiles_free2_38.asset using Guid(2a304df656aa83c4893d32ae8275fe52) Importer(815301076,1909f56bfc062723c751e8b465ee728b)  -> (artifact id: 'e7c9cc9267424c65c157c704d6b39106') in 0.009938 seconds
Number of updated asset objects reloaded before import = 0
Number of asset objects unloaded after import = 3
========================================================================
Received Import Request.
  Time since last request: 0.000014 seconds.
  path: Assets/Medieval_pixel_art_asset_FREE/Tiles_free/Medieval_tiles_free2_13.asset
  artifactKey: Guid(6ac5fee16c2e8da4d91c8ad5aab85514) Importer(815301076,1909f56bfc062723c751e8b465ee728b)
Start importing Assets/Medieval_pixel_art_asset_FREE/Tiles_free/Medieval_tiles_free2_13.asset using Guid(6ac5fee16c2e8da4d91c8ad5aab85514) Importer(815301076,1909f56bfc062723c751e8b465ee728b)  -> (artifact id: 'aa55e3a7a2d252eeae99d2f744df3000') in 0.010530 seconds
Number of updated asset objects reloaded before import = 0
Number of asset objects unloaded after import = 3
========================================================================
Received Import Request.
  Time since last request: 0.000017 seconds.
  path: Assets/Medieval_pixel_art_asset_FREE/Tiles_free/Medieval_tiles_free2_29.asset
  artifactKey: Guid(0fae4d02d118d244c858d0ea12fb2d6c) Importer(815301076,1909f56bfc062723c751e8b465ee728b)
Start importing Assets/Medieval_pixel_art_asset_FREE/Tiles_free/Medieval_tiles_free2_29.asset using Guid(0fae4d02d118d244c858d0ea12fb2d6c) Importer(815301076,1909f56bfc062723c751e8b465ee728b)  -> (artifact id: '9c0b4195567645660ff6f47f7a693277') in 0.009799 seconds
Number of updated asset objects reloaded before import = 0
Number of asset objects unloaded after import = 3
========================================================================
Received Import Request.
  Time since last request: 0.000016 seconds.
  path: Assets/Medieval_pixel_art_asset_FREE/Tiles_free/Medieval_tiles_free2_32.asset
  artifactKey: Guid(b9eda2a54a9f40348804c9aaabe17b1d) Importer(815301076,1909f56bfc062723c751e8b465ee728b)
Start importing Assets/Medieval_pixel_art_asset_FREE/Tiles_free/Medieval_tiles_free2_32.asset using Guid(b9eda2a54a9f40348804c9aaabe17b1d) Importer(815301076,1909f56bfc062723c751e8b465ee728b)  -> (artifact id: 'fb563f1c1add60470fe91372cd491fbb') in 0.011477 seconds
Number of updated asset objects reloaded before import = 0
Number of asset objects unloaded after import = 3
========================================================================
Received Import Request.
  Time since last request: 0.000015 seconds.
  path: Assets/Medieval_pixel_art_asset_FREE/Tiles_free/Medieval_tiles_free2_33.asset
  artifactKey: Guid(4d39f938b384d774589f5eec56572f61) Importer(815301076,1909f56bfc062723c751e8b465ee728b)
Start importing Assets/Medieval_pixel_art_asset_FREE/Tiles_free/Medieval_tiles_free2_33.asset using Guid(4d39f938b384d774589f5eec56572f61) Importer(815301076,1909f56bfc062723c751e8b465ee728b)  -> (artifact id: '53ed8c792b346328d9666e11c85305ee') in 0.011253 seconds
Number of updated asset objects reloaded before import = 0
Number of asset objects unloaded after import = 3
========================================================================
Received Import Request.
  Time since last request: 0.000063 seconds.
  path: Assets/Medieval_pixel_art_asset_FREE/Tiles_free/Medieval_tiles_free2_23.asset
  artifactKey: Guid(706d8307a11b2f24cbc2b2d304cc16f1) Importer(815301076,1909f56bfc062723c751e8b465ee728b)
Start importing Assets/Medieval_pixel_art_asset_FREE/Tiles_free/Medieval_tiles_free2_23.asset using Guid(706d8307a11b2f24cbc2b2d304cc16f1) Importer(815301076,1909f56bfc062723c751e8b465ee728b)  -> (artifact id: '7f7ba31923a3132aed64c0fda2a764b3') in 0.010355 seconds
Number of updated asset objects reloaded before import = 0
Number of asset objects unloaded after import = 3
========================================================================
Received Import Request.
  Time since last request: 0.000012 seconds.
  path: Assets/Medieval_pixel_art_asset_FREE/Tiles_free/Medieval_tiles_free2_9.asset
  artifactKey: Guid(8cbb1fc886e2cf04083457e2b390e43b) Importer(815301076,1909f56bfc062723c751e8b465ee728b)
Start importing Assets/Medieval_pixel_art_asset_FREE/Tiles_free/Medieval_tiles_free2_9.asset using Guid(8cbb1fc886e2cf04083457e2b390e43b) Importer(815301076,1909f56bfc062723c751e8b465ee728b)  -> (artifact id: '4578d49d9bc20f4e2ff87047af30bfd5') in 0.010759 seconds
Number of updated asset objects reloaded before import = 0
Number of asset objects unloaded after import = 3
========================================================================
Received Import Request.
  Time since last request: 0.000014 seconds.
  path: Assets/Medieval_pixel_art_asset_FREE/Tiles_free/Medieval_tiles_free2_25.asset
  artifactKey: Guid(45b87adb5b36d1a419ec58982723b566) Importer(815301076,1909f56bfc062723c751e8b465ee728b)
Start importing Assets/Medieval_pixel_art_asset_FREE/Tiles_free/Medieval_tiles_free2_25.asset using Guid(45b87adb5b36d1a419ec58982723b566) Importer(815301076,1909f56bfc062723c751e8b465ee728b)  -> (artifact id: '7b97f73920b653bb76dbbc99ad564fdf') in 0.010754 seconds
Number of updated asset objects reloaded before import = 0
Number of asset objects unloaded after import = 3
========================================================================
Received Import Request.
  Time since last request: 0.000012 seconds.
  path: Assets/Medieval_pixel_art_asset_FREE/Tiles_free/Medieval_tiles_free2_27.asset
  artifactKey: Guid(e54df89b4f95dd74ba08f64cdf6af519) Importer(815301076,1909f56bfc062723c751e8b465ee728b)
Start importing Assets/Medieval_pixel_art_asset_FREE/Tiles_free/Medieval_tiles_free2_27.asset using Guid(e54df89b4f95dd74ba08f64cdf6af519) Importer(815301076,1909f56bfc062723c751e8b465ee728b)  -> (artifact id: '5bec20bbdd371828344d66ea3f3f0ebf') in 0.011289 seconds
Number of updated asset objects reloaded before import = 0
Number of asset objects unloaded after import = 3
========================================================================
Received Import Request.
  Time since last request: 0.000013 seconds.
  path: Assets/Medieval_pixel_art_asset_FREE/Tiles_free/Medieval_tiles_free2_31.asset
  artifactKey: Guid(384bd6f8a294d504db2f6dcd946cfc84) Importer(815301076,1909f56bfc062723c751e8b465ee728b)
Start importing Assets/Medieval_pixel_art_asset_FREE/Tiles_free/Medieval_tiles_free2_31.asset using Guid(384bd6f8a294d504db2f6dcd946cfc84) Importer(815301076,1909f56bfc062723c751e8b465ee728b)  -> (artifact id: '7983efe864393325b3cd2be846151bb9') in 0.008511 seconds
Number of updated asset objects reloaded before import = 0
Number of asset objects unloaded after import = 3
========================================================================
Received Import Request.
  Time since last request: 7.567295 seconds.
  path: Assets/Medieval_pixel_art_asset_FREE/Textures/Medieval_props_free_0.asset
  artifactKey: Guid(5d74ee2f14b69ea45a99f85acb62021a) Importer(815301076,1909f56bfc062723c751e8b465ee728b)
Start importing Assets/Medieval_pixel_art_asset_FREE/Textures/Medieval_props_free_0.asset using Guid(5d74ee2f14b69ea45a99f85acb62021a) Importer(815301076,1909f56bfc062723c751e8b465ee728b)  -> (artifact id: '2a145b242dadaacf5856bd4759547d4b') in 0.008614 seconds
Number of updated asset objects reloaded before import = 0
Number of asset objects unloaded after import = 3
========================================================================
Received Import Request.
  Time since last request: 0.000017 seconds.
  path: Assets/Medieval_pixel_art_asset_FREE/Textures/Medieval_props_free_3.asset
  artifactKey: Guid(35cf3a5ccd3da52439093c7905954f07) Importer(815301076,1909f56bfc062723c751e8b465ee728b)
Start importing Assets/Medieval_pixel_art_asset_FREE/Textures/Medieval_props_free_3.asset using Guid(35cf3a5ccd3da52439093c7905954f07) Importer(815301076,1909f56bfc062723c751e8b465ee728b)  -> (artifact id: '209efb1a03b216d5a9cfa7c105854efc') in 0.007104 seconds
Number of updated asset objects reloaded before import = 0
Number of asset objects unloaded after import = 3
========================================================================
Received Import Request.
  Time since last request: 0.000017 seconds.
  path: Assets/Medieval_pixel_art_asset_FREE/Textures/Medieval_props_free_10.asset
  artifactKey: Guid(eab79a78cdea9d14099d3b4b7e953e18) Importer(815301076,1909f56bfc062723c751e8b465ee728b)
Start importing Assets/Medieval_pixel_art_asset_FREE/Textures/Medieval_props_free_10.asset using Guid(eab79a78cdea9d14099d3b4b7e953e18) Importer(815301076,1909f56bfc062723c751e8b465ee728b)  -> (artifact id: 'd0e23be4800ec21d2114e20b43fa0c9a') in 0.007770 seconds
Number of updated asset objects reloaded before import = 0
Number of asset objects unloaded after import = 3
========================================================================
Received Import Request.
  Time since last request: 0.000014 seconds.
  path: Assets/Medieval_pixel_art_asset_FREE/Textures/Medieval_props_free_17.asset
  artifactKey: Guid(aef01ca4323231c4ca78bfcb4eb46470) Importer(815301076,1909f56bfc062723c751e8b465ee728b)
Start importing Assets/Medieval_pixel_art_asset_FREE/Textures/Medieval_props_free_17.asset using Guid(aef01ca4323231c4ca78bfcb4eb46470) Importer(815301076,1909f56bfc062723c751e8b465ee728b)  -> (artifact id: '2c6123c6a9fb9b3cbc3d6d309c320da9') in 0.007434 seconds
Number of updated asset objects reloaded before import = 0
Number of asset objects unloaded after import = 3
========================================================================
Received Import Request.
  Time since last request: 0.000013 seconds.
  path: Assets/Medieval_pixel_art_asset_FREE/Textures/Medieval_props_free_21.asset
  artifactKey: Guid(5530c842b37592449a700433257b9b26) Importer(815301076,1909f56bfc062723c751e8b465ee728b)
Start importing Assets/Medieval_pixel_art_asset_FREE/Textures/Medieval_props_free_21.asset using Guid(5530c842b37592449a700433257b9b26) Importer(815301076,1909f56bfc062723c751e8b465ee728b)  -> (artifact id: '09bf020d82f57d679aba33fd671190cf') in 0.007418 seconds
Number of updated asset objects reloaded before import = 0
Number of asset objects unloaded after import = 3
========================================================================
Received Import Request.
  Time since last request: 0.000014 seconds.
  path: Assets/Medieval_pixel_art_asset_FREE/Textures/Medieval_props_free_6.asset
  artifactKey: Guid(09845dcbcd1f78942b85b5e16c9e83ec) Importer(815301076,1909f56bfc062723c751e8b465ee728b)
Start importing Assets/Medieval_pixel_art_asset_FREE/Textures/Medieval_props_free_6.asset using Guid(09845dcbcd1f78942b85b5e16c9e83ec) Importer(815301076,1909f56bfc062723c751e8b465ee728b)  -> (artifact id: '0175b32184947da86cd4986ed3a1088b') in 0.007992 seconds
Number of updated asset objects reloaded before import = 0
Number of asset objects unloaded after import = 3
========================================================================
Received Import Request.
  Time since last request: 0.000017 seconds.
  path: Assets/Medieval_pixel_art_asset_FREE/Textures/Medieval_props_free_5.asset
  artifactKey: Guid(370e7b9178a915b44aa9edb45dcc7c81) Importer(815301076,1909f56bfc062723c751e8b465ee728b)
Start importing Assets/Medieval_pixel_art_asset_FREE/Textures/Medieval_props_free_5.asset using Guid(370e7b9178a915b44aa9edb45dcc7c81) Importer(815301076,1909f56bfc062723c751e8b465ee728b)  -> (artifact id: 'd96c914c93f525e4d960a57b9b4620f1') in 0.008095 seconds
Number of updated asset objects reloaded before import = 0
Number of asset objects unloaded after import = 3
========================================================================
Received Import Request.
  Time since last request: 0.000015 seconds.
  path: Assets/Medieval_pixel_art_asset_FREE/Textures/Medieval_props_free_18.asset
  artifactKey: Guid(fe282a88b23cb404088ba4143f30feac) Importer(815301076,1909f56bfc062723c751e8b465ee728b)
Start importing Assets/Medieval_pixel_art_asset_FREE/Textures/Medieval_props_free_18.asset using Guid(fe282a88b23cb404088ba4143f30feac) Importer(815301076,1909f56bfc062723c751e8b465ee728b)  -> (artifact id: 'a1456c350e34d0d0d5a8181599ac6e2a') in 0.007878 seconds
Number of updated asset objects reloaded before import = 0
Number of asset objects unloaded after import = 3
========================================================================
Received Import Request.
  Time since last request: 0.000017 seconds.
  path: Assets/Medieval_pixel_art_asset_FREE/Textures/Medieval_props_free_12.asset
  artifactKey: Guid(6ade4f68e49872c498dffff7812f562d) Importer(815301076,1909f56bfc062723c751e8b465ee728b)
Start importing Assets/Medieval_pixel_art_asset_FREE/Textures/Medieval_props_free_12.asset using Guid(6ade4f68e49872c498dffff7812f562d) Importer(815301076,1909f56bfc062723c751e8b465ee728b)  -> (artifact id: '61f773610a04513fc31d2724d1c4e71c') in 0.008662 seconds
Number of updated asset objects reloaded before import = 0
Number of asset objects unloaded after import = 3
========================================================================
Received Import Request.
  Time since last request: 27.843719 seconds.
  path: Assets/Materials/Image1.mat
  artifactKey: Guid(72ae86b146526084c9078dea28972b0d) Importer(815301076,1909f56bfc062723c751e8b465ee728b)
Start importing Assets/Materials/Image1.mat using Guid(72ae86b146526084c9078dea28972b0d) Importer(815301076,1909f56bfc062723c751e8b465ee728b)  -> (artifact id: '4b1fa370fec5a582121972890099867f') in 0.033554 seconds
Number of updated asset objects reloaded before import = 0
Number of asset objects unloaded after import = 1
========================================================================
Received Import Request.
  Time since last request: 0.918697 seconds.
  path: Assets/Medieval_pixel_art_asset_FREE/palettes/Medieval_pixel_art_tileset_free.prefab
  artifactKey: Guid(24d7ac66bf388d14186f825aca992a57) Importer(815301076,1909f56bfc062723c751e8b465ee728b)
Start importing Assets/Medieval_pixel_art_asset_FREE/palettes/Medieval_pixel_art_tileset_free.prefab using Guid(24d7ac66bf388d14186f825aca992a57) Importer(815301076,1909f56bfc062723c751e8b465ee728b)  -> (artifact id: '3591296d3ac234d867f0decd4f6916a1') in 0.057485 seconds
Number of updated asset objects reloaded before import = 0
Number of asset objects unloaded after import = 418
========================================================================
Received Import Request.
  Time since last request: 12.564932 seconds.
  path: Assets/My images/Image1.png
  artifactKey: Guid(92ff66848da4a024aa217848e17349fe) Importer(815301076,1909f56bfc062723c751e8b465ee728b)
Start importing Assets/My images/Image1.png using Guid(92ff66848da4a024aa217848e17349fe) Importer(815301076,1909f56bfc062723c751e8b465ee728b)  -> (artifact id: '5f8a60db7e4985756820deedcf7029e1') in 0.020259 seconds
Number of updated asset objects reloaded before import = 0
Number of asset objects unloaded after import = 3
========================================================================
Received Import Request.
  Time since last request: 29.848042 seconds.
  path: Assets/SunnyLand House Props Expansion Pack
  artifactKey: Guid(556ea37639fdbea44a0973d660d36ed0) Importer(815301076,1909f56bfc062723c751e8b465ee728b)
Start importing Assets/SunnyLand House Props Expansion Pack using Guid(556ea37639fdbea44a0973d660d36ed0) Importer(815301076,1909f56bfc062723c751e8b465ee728b)  -> (artifact id: '0512303d70739288771813d781f5ee96') in 0.000409 seconds
Number of updated asset objects reloaded before import = 0
Number of asset objects unloaded after import = 0
========================================================================
Received Import Request.
  Time since last request: 1.074596 seconds.
  path: Assets/SunnyLand House Props Expansion Pack/Props PNG
  artifactKey: Guid(2759aa62fac9e6a459bdbb3c4e956bc0) Importer(815301076,1909f56bfc062723c751e8b465ee728b)
Start importing Assets/SunnyLand House Props Expansion Pack/Props PNG using Guid(2759aa62fac9e6a459bdbb3c4e956bc0) Importer(815301076,1909f56bfc062723c751e8b465ee728b)  -> (artifact id: 'd4af7742206c8e50faa32ac5af306bbb') in 0.000391 seconds
Number of updated asset objects reloaded before import = 0
Number of asset objects unloaded after import = 0
========================================================================
Received Import Request.
  Time since last request: 0.079935 seconds.
  path: Assets/SunnyLand House Props Expansion Pack/Props PNG/rock-1.png
  artifactKey: Guid(da815d2f6d670394ca40b78eafc77af2) Importer(815301076,1909f56bfc062723c751e8b465ee728b)
Start importing Assets/SunnyLand House Props Expansion Pack/Props PNG/rock-1.png using Guid(da815d2f6d670394ca40b78eafc77af2) Importer(815301076,1909f56bfc062723c751e8b465ee728b)  -> (artifact id: 'c3bb4598fadf3b8daa858c029a2135b0') in 0.014724 seconds
Number of updated asset objects reloaded before import = 0
Number of asset objects unloaded after import = 3
========================================================================
Received Import Request.
  Time since last request: 0.013247 seconds.
  path: Assets/SunnyLand House Props Expansion Pack/Props PNG/rock-2.png
  artifactKey: Guid(10aed0bb942816e4aa62c522dee1b4f9) Importer(815301076,1909f56bfc062723c751e8b465ee728b)
Start importing Assets/SunnyLand House Props Expansion Pack/Props PNG/rock-2.png using Guid(10aed0bb942816e4aa62c522dee1b4f9) Importer(815301076,1909f56bfc062723c751e8b465ee728b)  -> (artifact id: '922c8253f994c5284dbefbe59956f0f3') in 0.009818 seconds
Number of updated asset objects reloaded before import = 0
Number of asset objects unloaded after import = 3
========================================================================
Received Import Request.
  Time since last request: 0.006424 seconds.
  path: Assets/SunnyLand House Props Expansion Pack/Props PNG/tree-house.png
  artifactKey: Guid(09769f0b7b7faf74999bef4e6ca48d16) Importer(815301076,1909f56bfc062723c751e8b465ee728b)
Start importing Assets/SunnyLand House Props Expansion Pack/Props PNG/tree-house.png using Guid(09769f0b7b7faf74999bef4e6ca48d16) Importer(815301076,1909f56bfc062723c751e8b465ee728b)  -> (artifact id: '7f5c8d39a43041f356cbcf0ad4d5f344') in 0.009924 seconds
Number of updated asset objects reloaded before import = 0
Number of asset objects unloaded after import = 3
========================================================================
Received Import Request.
  Time since last request: 0.003733 seconds.
  path: Assets/SunnyLand House Props Expansion Pack/Props PNG/wooden-house.png
  artifactKey: Guid(021907f227a049e40b4234e459451efd) Importer(815301076,1909f56bfc062723c751e8b465ee728b)
Start importing Assets/SunnyLand House Props Expansion Pack/Props PNG/wooden-house.png using Guid(021907f227a049e40b4234e459451efd) Importer(815301076,1909f56bfc062723c751e8b465ee728b)  -> (artifact id: '82c46637859708b8185d150038c2b2f6') in 0.010419 seconds
Number of updated asset objects reloaded before import = 0
Number of asset objects unloaded after import = 3
========================================================================
Received Import Request.
  Time since last request: 3.337409 seconds.
  path: Assets/Medieval_pixel_art_asset_FREE
  artifactKey: Guid(a1dccc9d0b8a62f488d154a07686fd65) Importer(815301076,1909f56bfc062723c751e8b465ee728b)
Start importing Assets/Medieval_pixel_art_asset_FREE using Guid(a1dccc9d0b8a62f488d154a07686fd65) Importer(815301076,1909f56bfc062723c751e8b465ee728b)  -> (artifact id: '5c68bd9c87cdec637c5d54a1d02711cf') in 0.000411 seconds
Number of updated asset objects reloaded before import = 0
Number of asset objects unloaded after import = 0
